<?xml version="1.0" encoding="UTF-8"?>
<!-- Generated by org.testng.reporters.JUnitXMLReporter -->
<testsuite hostname="ALWINs-MacBook-Air.local" ignored="0" name="Default test" tests="3" failures="0" timestamp="2020-03-21T11:56:47 EDT" time="0.154" errors="0">
  <testcase name="testone" time="0.028" classname="endtoend.TC01"/>
  <testcase name="testtwo" time="0.006" classname="endtoend.TC02"/>
  <testcase name="testthree" time="0.002" classname="endtoend.TC03"/>
</testsuite> <!-- Default test -->
